<mule xmlns="http://www.mulesoft.org/schema/mule/core"
      xmlns:xsi="http://www.w3.org/2001/XMLSchema-instance"
      xmlns:mulechain-vectors="http://www.mulesoft.org/schema/mule/mulechain-vectors"
      xsi:schemaLocation="http://www.mulesoft.org/schema/mule/core http://www.mulesoft.org/schema/mule/core/current/mule.xsd
          http://www.mulesoft.org/schema/mule/mulechain-vectors http://www.mulesoft.org/schema/mule/mulechain-vectors/current/mule-mulechain-vectors.xsd">

    <mulechain-vectors:config name="config" configId="configId">
        <mulechain-vectors:connection requiredParameter="aValue" />
    </mulechain-vectors:config>

    <flow name="sayHiFlow">
        <mulechain-vectors:say-hi person="Mariano Gonzalez"/>
    </flow>

    <flow name="retrieveInfoFlow">
        <mulechain-vectors:retrieve-info config-ref="config"/>
    </flow>

</mule>
